TN:
SF:src\calculator.js
FN:2,Calculator
FN:5,set
FN:8,clear
FN:11,add
FN:15,substract
FN:18,multiply
FN:21,divide
FNF:7
FNH:7
FNDA:9,Calculator
FNDA:6,set
FNDA:1,clear
FNDA:1,add
FNDA:1,substract
FNDA:1,multiply
FNDA:3,divide
DA:1,1
DA:2,1
DA:3,9
DA:4,9
DA:5,1
DA:6,6
DA:7,6
DA:8,1
DA:9,1
DA:10,1
DA:11,1
DA:12,1
DA:13,1
DA:14,1
DA:15,1
DA:16,1
DA:17,1
DA:18,1
DA:19,1
DA:20,1
DA:21,1
DA:22,3
DA:23,3
DA:24,1
DA:25,1
DA:26,1
LF:26
LH:26
BRDA:2,0,0,9
BRDA:5,1,0,6
BRDA:8,2,0,1
BRDA:11,3,0,1
BRDA:15,4,0,1
BRDA:18,5,0,1
BRDA:21,6,0,3
BRF:7
BRH:7
end_of_record
