TN:
SF:src\add.js
FN:1,add
FNF:1
FNH:1
FNDA:1,add
DA:1,1
DA:2,1
DA:3,1
DA:4,1
DA:5,1
LF:5
LH:5
BRDA:1,0,0,1
BRF:1
BRH:1
end_of_record
TN:
SF:src\async.js
FN:1,fetchProduct
FNF:1
FNH:1
FNDA:3,fetchProduct
DA:1,3
DA:2,3
DA:3,0
DA:4,0
DA:5,3
DA:6,3
DA:7,1
DA:8,1
LF:8
LH:6
BRDA:1,0,0,3
BRDA:2,1,0,0
BRF:2
BRH:1
end_of_record
TN:
SF:src\calculator.js
FN:2,Calculator
FN:5,set
FN:8,clear
FN:11,add
FN:19,substract
FN:22,multiply
FN:25,divide
FNF:7
FNH:7
FNDA:10,Calculator
FNDA:6,set
FNDA:1,clear
FNDA:2,add
FNDA:1,substract
FNDA:1,multiply
FNDA:3,divide
DA:1,1
DA:2,1
DA:3,10
DA:4,10
DA:5,1
DA:6,6
DA:7,6
DA:8,1
DA:9,1
DA:10,1
DA:11,1
DA:12,2
DA:13,2
DA:14,1
DA:15,1
DA:16,1
DA:17,1
DA:18,1
DA:19,1
DA:20,1
DA:21,1
DA:22,1
DA:23,1
DA:24,1
DA:25,1
DA:26,3
DA:27,3
DA:28,1
DA:29,1
DA:30,1
LF:30
LH:30
BRDA:2,0,0,10
BRDA:5,1,0,6
BRDA:8,2,0,1
BRDA:11,3,0,2
BRDA:13,4,0,1
BRDA:19,5,0,1
BRDA:22,6,0,1
BRDA:25,7,0,3
BRF:8
BRH:8
end_of_record
